2022.09.15 01:39:17 INFO  tracing is disabled for protocol LSP, to enable tracing of incoming and outgoing JSON messages create an empty file at /home/lucas/Desktop/Scala/hello-world/.metals/lsp.trace.json or /home/lucas/.cache/metals/lsp.trace.json
2022.09.15 01:39:18 INFO  logging to file /home/lucas/Desktop/Scala/hello-world/.metals/metals.log
2022.09.15 01:39:18 INFO  Started: Metals version 0.11.8 in workspace '/home/lucas/Desktop/Scala/hello-world' for client Visual Studio Code 1.71.1.
2022.09.15 01:39:22 WARN  Flyway upgrade recommended: H2 2.1.214 is newer than this version of Flyway and support has not been tested. The latest supported version of H2 is 2.1.210.
2022.09.15 01:39:22 INFO  time: initialize in 4.65s
2022.09.15 01:39:23 WARN  Build server is not auto-connectable.
set 15, 2022 1:39:23 AM org.eclipse.lsp4j.jsonrpc.RemoteEndpoint handleCancellation
WARNING: Unmatched cancel notification for request id 2
2022.09.15 01:39:23 WARN  no build target for: /home/lucas/Desktop/Scala/hello-world/build.sbt
2022.09.15 01:39:23 WARN  no build target for: /home/lucas/Desktop/Scala/hello-world/src/main/scala/Main.scala
2022.09.15 01:39:40 INFO  no build target found for /home/lucas/Desktop/Scala/hello-world/build.sbt. Using presentation compiler with project's scala-library version: 3.1.3
2022.09.15 01:39:42 INFO  time: code lens generation in 19s
2022.09.15 01:40:58 WARN  no build target for: /home/lucas/Desktop/Scala/hello-world/src/main/scala/Main.scala
2022.09.15 01:41:04 WARN  no build target for: /home/lucas/Desktop/Scala/hello-world/build.sbt
2022.09.15 02:28:33 INFO  tracing is disabled for protocol LSP, to enable tracing of incoming and outgoing JSON messages create an empty file at /home/lucas/Desktop/Scala/hello-world/.metals/lsp.trace.json or /home/lucas/.cache/metals/lsp.trace.json
2022.09.15 02:28:34 INFO  logging to file /home/lucas/Desktop/Scala/hello-world/.metals/metals.log
2022.09.15 02:28:34 INFO  Started: Metals version 0.11.8 in workspace '/home/lucas/Desktop/Scala/hello-world' for client Visual Studio Code 1.71.1.
2022.09.15 02:28:39 WARN  Flyway upgrade recommended: H2 2.1.214 is newer than this version of Flyway and support has not been tested. The latest supported version of H2 is 2.1.210.
2022.09.15 02:28:39 INFO  time: initialize in 5.27s
2022.09.15 02:28:40 WARN  Build server is not auto-connectable.
2022.09.15 02:28:40 WARN  no build target for: /home/lucas/Desktop/Scala/hello-world/src/main/scala/Main.scala
2022.09.15 02:28:40 INFO  skipping build import with status 'Requested'
2022.09.15 02:28:43 INFO  no build target found for /home/lucas/Desktop/Scala/hello-world/src/main/scala/Main.scala. Using presentation compiler with project's scala-library version: 3.1.3
2022.09.15 02:28:46 INFO  time: code lens generation in 5.37s
2022.09.15 02:28:51 WARN  no build target for: /home/lucas/Desktop/Scala/hello-world/src/Function.scala
2022.09.15 02:29:37 WARN  no build target for: /home/lucas/Desktop/Scala/hello-world/src/Function.scala
2022.09.15 02:29:44 WARN  no build target for: /home/lucas/Desktop/Scala/hello-world/src/Function.scala
2022.09.15 02:32:30 WARN  no build target for: /home/lucas/Desktop/Scala/hello-world/src/Function.scala
2022.09.15 02:32:45 WARN  no build target for: /home/lucas/Desktop/Scala/hello-world/src/Function.scala
set 15, 2022 2:32:45 AM org.eclipse.lsp4j.jsonrpc.RemoteEndpoint fallbackResponseError
SEVERE: Internal error: scala.meta.internal.metals.debug.BuildTargetNotFoundForPathException: No build target could be found for the path: /home/lucas/Desktop/Scala/hello-world/src/Function.scala
java.util.concurrent.CompletionException: scala.meta.internal.metals.debug.BuildTargetNotFoundForPathException: No build target could be found for the path: /home/lucas/Desktop/Scala/hello-world/src/Function.scala
	at java.util.concurrent.CompletableFuture.encodeThrowable(CompletableFuture.java:292)
	at java.util.concurrent.CompletableFuture.completeThrowable(CompletableFuture.java:308)
	at java.util.concurrent.CompletableFuture.uniAccept(CompletableFuture.java:661)
	at java.util.concurrent.CompletableFuture$UniAccept.tryFire(CompletableFuture.java:646)
	at java.util.concurrent.CompletableFuture.uniAcceptStage(CompletableFuture.java:686)
	at java.util.concurrent.CompletableFuture.thenAcceptAsync(CompletableFuture.java:2014)
	at scala.concurrent.java8.FuturesConvertersImpl$CF.thenAccept(FutureConvertersImpl.scala:37)
	at org.eclipse.lsp4j.jsonrpc.RemoteEndpoint.handleRequest(RemoteEndpoint.java:279)
	at org.eclipse.lsp4j.jsonrpc.RemoteEndpoint.consume(RemoteEndpoint.java:190)
	at org.eclipse.lsp4j.jsonrpc.json.StreamMessageProducer.handleMessage(StreamMessageProducer.java:194)
	at org.eclipse.lsp4j.jsonrpc.json.StreamMessageProducer.listen(StreamMessageProducer.java:94)
	at org.eclipse.lsp4j.jsonrpc.json.ConcurrentMessageProcessor.run(ConcurrentMessageProcessor.java:113)
	at java.util.concurrent.Executors$RunnableAdapter.call(Executors.java:511)
	at java.util.concurrent.FutureTask.run(FutureTask.java:266)
	at java.util.concurrent.ThreadPoolExecutor.runWorker(ThreadPoolExecutor.java:1149)
	at java.util.concurrent.ThreadPoolExecutor$Worker.run(ThreadPoolExecutor.java:624)
	at java.lang.Thread.run(Thread.java:748)
Caused by: scala.meta.internal.metals.debug.BuildTargetNotFoundForPathException: No build target could be found for the path: /home/lucas/Desktop/Scala/hello-world/src/Function.scala
	at scala.meta.internal.metals.debug.DebugProvider.debugDiscovery(DebugProvider.scala:395)
	at scala.meta.internal.metals.MetalsLanguageServer.executeCommand(MetalsLanguageServer.scala:1912)
	at sun.reflect.NativeMethodAccessorImpl.invoke0(Native Method)
	at sun.reflect.NativeMethodAccessorImpl.invoke(NativeMethodAccessorImpl.java:62)
	at sun.reflect.DelegatingMethodAccessorImpl.invoke(DelegatingMethodAccessorImpl.java:43)
	at java.lang.reflect.Method.invoke(Method.java:498)
	at org.eclipse.lsp4j.jsonrpc.services.GenericEndpoint.lambda$null$0(GenericEndpoint.java:65)
	at org.eclipse.lsp4j.jsonrpc.services.GenericEndpoint.request(GenericEndpoint.java:120)
	at org.eclipse.lsp4j.jsonrpc.RemoteEndpoint.handleRequest(RemoteEndpoint.java:261)
	... 9 more

2022.09.15 02:32:53 WARN  no build target for: /home/lucas/Desktop/Scala/hello-world/build.sbt
set 15, 2022 2:34:02 AM org.eclipse.lsp4j.jsonrpc.services.GenericEndpoint notify
INFO: Unsupported notification method: $/setTrace
2022.09.15 02:35:13 INFO  shutting down Metals
2022.09.15 02:35:44 INFO  tracing is disabled for protocol LSP, to enable tracing of incoming and outgoing JSON messages create an empty file at /home/lucas/Desktop/Scala/hello-world/.metals/lsp.trace.json or /home/lucas/.cache/metals/lsp.trace.json
2022.09.15 02:35:44 INFO  logging to file /home/lucas/Desktop/Scala/hello-world/.metals/metals.log
2022.09.15 02:35:44 INFO  Started: Metals version 0.11.8+38-1832a3cf-SNAPSHOT in workspace '/home/lucas/Desktop/Scala/hello-world' for client Visual Studio Code 1.71.1.
2022.09.15 02:35:46 INFO  time: initialize in 1.92s
2022.09.15 02:35:47 WARN  Build server is not auto-connectable.
2022.09.15 02:35:47 WARN  no build target for: /home/lucas/Desktop/Scala/hello-world/src/Function.scala
2022.09.15 02:35:47 INFO  skipping build import with status 'Requested'
2022.09.15 02:35:50 WARN  no build target for: /home/lucas/Desktop/Scala/hello-world/src/Function.scala
set 15, 2022 2:35:50 AM org.eclipse.lsp4j.jsonrpc.RemoteEndpoint fallbackResponseError
SEVERE: Internal error: scala.meta.internal.metals.debug.BuildTargetNotFoundForPathException: No build target could be found for the path: /home/lucas/Desktop/Scala/hello-world/src/Function.scala
java.util.concurrent.CompletionException: scala.meta.internal.metals.debug.BuildTargetNotFoundForPathException: No build target could be found for the path: /home/lucas/Desktop/Scala/hello-world/src/Function.scala
	at java.util.concurrent.CompletableFuture.encodeThrowable(CompletableFuture.java:292)
	at java.util.concurrent.CompletableFuture.completeThrowable(CompletableFuture.java:308)
	at java.util.concurrent.CompletableFuture.uniAccept(CompletableFuture.java:661)
	at java.util.concurrent.CompletableFuture$UniAccept.tryFire(CompletableFuture.java:646)
	at java.util.concurrent.CompletableFuture.uniAcceptStage(CompletableFuture.java:686)
	at java.util.concurrent.CompletableFuture.thenAcceptAsync(CompletableFuture.java:2014)
	at scala.concurrent.java8.FuturesConvertersImpl$CF.thenAccept(FutureConvertersImpl.scala:37)
	at org.eclipse.lsp4j.jsonrpc.RemoteEndpoint.handleRequest(RemoteEndpoint.java:279)
	at org.eclipse.lsp4j.jsonrpc.RemoteEndpoint.consume(RemoteEndpoint.java:190)
	at org.eclipse.lsp4j.jsonrpc.json.StreamMessageProducer.handleMessage(StreamMessageProducer.java:194)
	at org.eclipse.lsp4j.jsonrpc.json.StreamMessageProducer.listen(StreamMessageProducer.java:94)
	at org.eclipse.lsp4j.jsonrpc.json.ConcurrentMessageProcessor.run(ConcurrentMessageProcessor.java:113)
	at java.util.concurrent.Executors$RunnableAdapter.call(Executors.java:511)
	at java.util.concurrent.FutureTask.run(FutureTask.java:266)
	at java.util.concurrent.ThreadPoolExecutor.runWorker(ThreadPoolExecutor.java:1149)
	at java.util.concurrent.ThreadPoolExecutor$Worker.run(ThreadPoolExecutor.java:624)
	at java.lang.Thread.run(Thread.java:748)
Caused by: scala.meta.internal.metals.debug.BuildTargetNotFoundForPathException: No build target could be found for the path: /home/lucas/Desktop/Scala/hello-world/src/Function.scala
	at scala.meta.internal.metals.debug.DebugProvider.debugDiscovery(DebugProvider.scala:402)
	at scala.meta.internal.metals.MetalsLanguageServer.executeCommand(MetalsLanguageServer.scala:1913)
	at sun.reflect.NativeMethodAccessorImpl.invoke0(Native Method)
	at sun.reflect.NativeMethodAccessorImpl.invoke(NativeMethodAccessorImpl.java:62)
	at sun.reflect.DelegatingMethodAccessorImpl.invoke(DelegatingMethodAccessorImpl.java:43)
	at java.lang.reflect.Method.invoke(Method.java:498)
	at org.eclipse.lsp4j.jsonrpc.services.GenericEndpoint.lambda$null$0(GenericEndpoint.java:65)
	at org.eclipse.lsp4j.jsonrpc.services.GenericEndpoint.request(GenericEndpoint.java:120)
	at org.eclipse.lsp4j.jsonrpc.RemoteEndpoint.handleRequest(RemoteEndpoint.java:261)
	... 9 more

2022.09.15 02:35:56 INFO  no build target found for /home/lucas/Desktop/Scala/hello-world/src/Function.scala. Using presentation compiler with project's scala-library version: 3.1.3
2022.09.15 02:35:59 INFO  time: code lens generation in 11s
set 15, 2022 2:36:01 AM org.eclipse.lsp4j.jsonrpc.services.GenericEndpoint notify
INFO: Unsupported notification method: $/setTrace
2022.09.15 02:36:22 WARN  no build target for: /home/lucas/Desktop/Scala/hello-world/src/main/scala/Main.scala
2022.09.15 02:36:24 WARN  no build target for: /home/lucas/Desktop/Scala/hello-world/src/Function.scala
2022.09.15 02:37:12 INFO  shutting down Metals
2022.09.15 02:37:22 INFO  tracing is disabled for protocol LSP, to enable tracing of incoming and outgoing JSON messages create an empty file at /home/lucas/Desktop/Scala/hello-world/.metals/lsp.trace.json or /home/lucas/.cache/metals/lsp.trace.json
2022.09.15 02:37:22 INFO  logging to file /home/lucas/Desktop/Scala/hello-world/.metals/metals.log
2022.09.15 02:37:22 INFO  Started: Metals version 0.11.8 in workspace '/home/lucas/Desktop/Scala/hello-world' for client Visual Studio Code 1.71.1.
2022.09.15 02:37:23 WARN  Flyway upgrade recommended: H2 2.1.214 is newer than this version of Flyway and support has not been tested. The latest supported version of H2 is 2.1.210.
2022.09.15 02:37:24 INFO  time: initialize in 1.91s
2022.09.15 02:37:25 WARN  Build server is not auto-connectable.
2022.09.15 02:37:25 WARN  no build target for: /home/lucas/Desktop/Scala/hello-world/src/main/scala/Main.scala
2022.09.15 02:37:25 INFO  skipping build import with status 'Requested'
2022.09.15 02:37:28 INFO  no build target found for /home/lucas/Desktop/Scala/hello-world/src/main/scala/Main.scala. Using presentation compiler with project's scala-library version: 3.1.3
2022.09.15 02:37:45 WARN  no build target for: /home/lucas/Desktop/Scala/hello-world/build.sbt
2022.09.15 02:38:24 WARN  no build target for: /home/lucas/Desktop/Scala/hello-world/build.sbt
2022.09.15 02:38:30 INFO  running '/home/lucas/.cache/coursier/arc/https/github.com/AdoptOpenJDK/openjdk8-binaries/releases/download/jdk8u292-b10/OpenJDK8U-jdk_x64_linux_hotspot_8u292b10.tar.gz/jdk8u292-b10/bin/java -Djline.terminal=jline.UnsupportedTerminal -Dsbt.log.noformat=true -Dfile.encoding=UTF-8 -jar /tmp/metals1377857711972752051/sbt-launch.jar -Dbloop.export-jar-classifiers=sources bloopInstall'
2022.09.15 02:38:31 WARN  no build target for: /home/lucas/Desktop/Scala/hello-world/project/metals.sbt
2022.09.15 02:38:31 WARN  no build target for: /home/lucas/Desktop/Scala/hello-world/project/project/metals.sbt
2022.09.15 02:38:31 INFO  skipping build import with status 'Started'
2022.09.15 02:38:32 INFO  [info] welcome to sbt 1.7.1 (AdoptOpenJDK Java 1.8.0_292)
2022.09.15 02:38:36 INFO  [info] loading settings for project hello-world-build-build from metals.sbt ...
2022.09.15 02:38:37 INFO  [info] loading project definition from /home/lucas/Desktop/Scala/hello-world/project/project
set 15, 2022 2:38:42 AM org.eclipse.lsp4j.jsonrpc.services.GenericEndpoint notify
INFO: Unsupported notification method: $/setTrace
2022.09.15 02:38:43 INFO  [info] loading settings for project hello-world-build from metals.sbt ...
2022.09.15 02:38:43 INFO  [info] loading project definition from /home/lucas/Desktop/Scala/hello-world/project
2022.09.15 02:38:51 INFO  [success] Generated .bloop/hello-world-build.json
2022.09.15 02:38:51 INFO  [success] Total time: 8 s, completed 15/09/2022 02:38:51
2022.09.15 02:38:54 INFO  [info] loading settings for project hello-world from build.sbt ...
2022.09.15 02:38:54 INFO  [info] set current project to hello-world (in build file:/home/lucas/Desktop/Scala/hello-world/)
2022.09.15 02:38:54 INFO  [success] Generated .bloop/hello-world-test.json
2022.09.15 02:38:54 INFO  [success] Generated .bloop/hello-world.json
2022.09.15 02:38:54 INFO  [success] Total time: 0 s, completed 15/09/2022 02:38:55
2022.09.15 02:38:55 INFO  time: ran 'sbt bloopInstall' in 24s
2022.09.15 02:38:55 INFO  Attempting to connect to the build server...
2022.09.15 02:38:55 INFO  Setting up current java home /home/lucas/.cache/coursier/arc/https/github.com/AdoptOpenJDK/openjdk8-binaries/releases/download/jdk8u292-b10/OpenJDK8U-jdk_x64_linux_hotspot_8u292b10.tar.gz/jdk8u292-b10 in /home/lucas/.bloop/bloop.json
2022.09.15 02:39:20 INFO  tracing is disabled for protocol BSP, to enable tracing of incoming and outgoing JSON messages create an empty file at /home/lucas/Desktop/Scala/hello-world/.metals/bsp.trace.json or /home/lucas/.cache/metals/bsp.trace.json
2022.09.15 02:39:27 INFO  Attempting to connect to the build server...
2022.09.15 02:39:27 INFO  Bloop uses /home/lucas/.cache/coursier/arc/https/github.com/AdoptOpenJDK/openjdk8-binaries/releases/download/jdk8u292-b10/OpenJDK8U-jdk_x64_linux_hotspot_8u292b10.tar.gz/jdk8u292-b10 defined at /home/lucas/.bloop/bloop.json
2022.09.15 02:39:27 INFO  tracing is disabled for protocol BSP, to enable tracing of incoming and outgoing JSON messages create an empty file at /home/lucas/Desktop/Scala/hello-world/project/.metals/bsp.trace.json or /home/lucas/.cache/metals/bsp.trace.json
2022.09.15 02:39:31 INFO  time: Connected to build server in 35s
2022.09.15 02:39:31 INFO  Connected to Build server: Bloop v1.5.3
2022.09.15 02:39:31 INFO  time: Imported build in 0.16s
2022.09.15 02:39:45 INFO  time: indexed workspace in 14s
2022.09.15 02:39:46 INFO  compiling hello-world (1 scala source)
2022.09.15 02:40:06 INFO  time: compiled hello-world in 20s
2022.09.15 02:42:16 INFO  tracing is disabled for protocol LSP, to enable tracing of incoming and outgoing JSON messages create an empty file at /home/lucas/Desktop/Scala/hello-world/.metals/lsp.trace.json or /home/lucas/.cache/metals/lsp.trace.json
2022.09.15 02:42:18 INFO  logging to file /home/lucas/Desktop/Scala/hello-world/.metals/metals.log
2022.09.15 02:42:18 INFO  Started: Metals version 0.11.8 in workspace '/home/lucas/Desktop/Scala/hello-world' for client Visual Studio Code 1.71.1.
2022.09.15 02:42:20 WARN  Flyway upgrade recommended: H2 2.1.214 is newer than this version of Flyway and support has not been tested. The latest supported version of H2 is 2.1.210.
2022.09.15 02:42:21 INFO  time: initialize in 3.47s
2022.09.15 02:42:22 INFO  Attempting to connect to the build server...
2022.09.15 02:42:22 INFO  Bloop uses /home/lucas/.cache/coursier/arc/https/github.com/AdoptOpenJDK/openjdk8-binaries/releases/download/jdk8u292-b10/OpenJDK8U-jdk_x64_linux_hotspot_8u292b10.tar.gz/jdk8u292-b10 defined at /home/lucas/.bloop/bloop.json
2022.09.15 02:42:23 INFO  skipping build import with status 'Installed'
2022.09.15 02:42:23 INFO  tracing is disabled for protocol BSP, to enable tracing of incoming and outgoing JSON messages create an empty file at /home/lucas/Desktop/Scala/hello-world/.metals/bsp.trace.json or /home/lucas/.cache/metals/bsp.trace.json
2022.09.15 02:42:23 INFO  Attempting to connect to the build server...
2022.09.15 02:42:23 INFO  Bloop uses /home/lucas/.cache/coursier/arc/https/github.com/AdoptOpenJDK/openjdk8-binaries/releases/download/jdk8u292-b10/OpenJDK8U-jdk_x64_linux_hotspot_8u292b10.tar.gz/jdk8u292-b10 defined at /home/lucas/.bloop/bloop.json
2022.09.15 02:42:23 INFO  tracing is disabled for protocol BSP, to enable tracing of incoming and outgoing JSON messages create an empty file at /home/lucas/Desktop/Scala/hello-world/project/.metals/bsp.trace.json or /home/lucas/.cache/metals/bsp.trace.json
2022.09.15 02:42:24 INFO  time: Connected to build server in 1.67s
2022.09.15 02:42:24 INFO  Connected to Build server: Bloop v1.5.3
2022.09.15 02:42:34 INFO  no build target found for /home/lucas/Desktop/Scala/hello-world/src/main/scala/Main.scala. Using presentation compiler with project's scala-library version: 3.1.3
2022.09.15 02:42:36 INFO  time: code lens generation in 12s
2022.09.15 02:42:37 INFO  time: Imported build in 1.44s
2022.09.15 02:43:47 INFO  time: indexed workspace in 1m10s
2022.09.15 03:03:23 INFO  tracing is disabled for protocol LSP, to enable tracing of incoming and outgoing JSON messages create an empty file at /home/lucas/Desktop/Scala/hello-world/.metals/lsp.trace.json or /home/lucas/.cache/metals/lsp.trace.json
2022.09.15 03:03:23 INFO  logging to file /home/lucas/Desktop/Scala/hello-world/.metals/metals.log
2022.09.15 03:03:23 INFO  Started: Metals version 0.11.8 in workspace '/home/lucas/Desktop/Scala/hello-world' for client Visual Studio Code 1.71.1.
2022.09.15 03:03:28 WARN  Flyway upgrade recommended: H2 2.1.214 is newer than this version of Flyway and support has not been tested. The latest supported version of H2 is 2.1.210.
2022.09.15 03:03:29 INFO  time: initialize in 5.43s
2022.09.15 03:03:29 INFO  Attempting to connect to the build server...
2022.09.15 03:03:29 INFO  Bloop uses /home/lucas/.cache/coursier/arc/https/github.com/AdoptOpenJDK/openjdk8-binaries/releases/download/jdk8u292-b10/OpenJDK8U-jdk_x64_linux_hotspot_8u292b10.tar.gz/jdk8u292-b10 defined at /home/lucas/.bloop/bloop.json
2022.09.15 03:03:29 INFO  skipping build import with status 'Installed'
2022.09.15 03:03:34 INFO  no build target found for /home/lucas/Desktop/Scala/hello-world/src/main/scala/Main.scala. Using presentation compiler with project's scala-library version: 3.1.3
2022.09.15 03:03:34 INFO  tracing is disabled for protocol BSP, to enable tracing of incoming and outgoing JSON messages create an empty file at /home/lucas/Desktop/Scala/hello-world/.metals/bsp.trace.json or /home/lucas/.cache/metals/bsp.trace.json
2022.09.15 03:03:34 INFO  Attempting to connect to the build server...
2022.09.15 03:03:34 INFO  Bloop uses /home/lucas/.cache/coursier/arc/https/github.com/AdoptOpenJDK/openjdk8-binaries/releases/download/jdk8u292-b10/OpenJDK8U-jdk_x64_linux_hotspot_8u292b10.tar.gz/jdk8u292-b10 defined at /home/lucas/.bloop/bloop.json
2022.09.15 03:03:34 INFO  tracing is disabled for protocol BSP, to enable tracing of incoming and outgoing JSON messages create an empty file at /home/lucas/Desktop/Scala/hello-world/project/.metals/bsp.trace.json or /home/lucas/.cache/metals/bsp.trace.json
2022.09.15 03:03:35 INFO  time: Connected to build server in 5.94s
2022.09.15 03:03:35 INFO  Connected to Build server: Bloop v1.5.3
2022.09.15 03:03:35 INFO  time: Imported build in 0.23s
2022.09.15 03:03:37 INFO  time: code lens generation in 7.21s
2022.09.15 03:03:39 INFO  time: indexed workspace in 3.31s
2022.09.15 03:03:40 INFO  compiling hello-world (1 scala source)
2022.09.15 03:03:46 INFO  time: compiled hello-world in 5.69s
2022.09.15 03:12:13 INFO  tracing is disabled for protocol dap-server, to enable tracing of incoming and outgoing JSON messages create an empty file at /home/lucas/Desktop/Scala/hello-world/.metals/dap-server.trace.json or /home/lucas/.cache/metals/dap-server.trace.json
2022.09.15 03:12:13 INFO  tracing is disabled for protocol dap-client, to enable tracing of incoming and outgoing JSON messages create an empty file at /home/lucas/Desktop/Scala/hello-world/.metals/dap-client.trace.json or /home/lucas/.cache/metals/dap-client.trace.json
2022.09.15 03:12:13 INFO  Starting debug proxy for [Main]
2022.09.15 03:12:14 INFO  Trying to attach to remote debuggee VM localhost:36415 .
2022.09.15 03:12:14 INFO  Attaching to debuggee VM succeeded.
2022.09.15 03:12:16 INFO  Canceling debug proxy for [Main]
2022.09.15 03:12:16 INFO  Closing debug server tcp://0.0.0.0:36973
set 15, 2022 3:12:16 AM org.eclipse.lsp4j.jsonrpc.json.StreamMessageProducer fireError
SEVERE: java.net.SocketException: Socket closed
org.eclipse.lsp4j.jsonrpc.JsonRpcException: java.net.SocketException: Socket closed
	at org.eclipse.lsp4j.jsonrpc.json.StreamMessageConsumer.consume(StreamMessageConsumer.java:72)
	at scala.meta.internal.metals.debug.SocketEndpoint.consume(SocketEndpoint.scala:22)
	at scala.meta.internal.metals.debug.MessageIdAdapter.consume(MessageIdAdapter.scala:43)
	at scala.meta.internal.metals.debug.ServerAdapter.send(ServerAdapter.scala:30)
	at scala.meta.internal.metals.debug.DebugProxy.$anonfun$handleClientMessage$1(DebugProxy.scala:146)
	at scala.meta.internal.metals.debug.MessageIdAdapter.$anonfun$listen$1(MessageIdAdapter.scala:57)
	at org.eclipse.lsp4j.jsonrpc.json.StreamMessageProducer.handleMessage(StreamMessageProducer.java:194)
	at org.eclipse.lsp4j.jsonrpc.json.StreamMessageProducer.listen(StreamMessageProducer.java:94)
	at scala.meta.internal.metals.debug.SocketEndpoint.listen(SocketEndpoint.scala:26)
	at scala.meta.internal.metals.debug.MessageIdAdapter.listen(MessageIdAdapter.scala:47)
	at scala.meta.internal.metals.debug.DebugProxy.$anonfun$listenToClient$1(DebugProxy.scala:65)
	at scala.runtime.java8.JFunction0$mcV$sp.apply(JFunction0$mcV$sp.scala:18)
	at scala.concurrent.Future$.$anonfun$apply$1(Future.scala:678)
	at scala.concurrent.impl.Promise$Transformation.run(Promise.scala:467)
	at java.util.concurrent.ThreadPoolExecutor.runWorker(ThreadPoolExecutor.java:1149)
	at java.util.concurrent.ThreadPoolExecutor$Worker.run(ThreadPoolExecutor.java:624)
	at java.lang.Thread.run(Thread.java:748)
Caused by: java.net.SocketException: Socket closed
	at java.net.SocketOutputStream.socketWrite(SocketOutputStream.java:118)
	at java.net.SocketOutputStream.write(SocketOutputStream.java:155)
	at java.io.BufferedOutputStream.flushBuffer(BufferedOutputStream.java:82)
	at java.io.BufferedOutputStream.flush(BufferedOutputStream.java:140)
	at org.eclipse.lsp4j.jsonrpc.json.StreamMessageConsumer.consume(StreamMessageConsumer.java:69)
	... 16 more

set 15, 2022 3:12:20 AM org.eclipse.lsp4j.jsonrpc.RemoteEndpoint handleCancellation
WARNING: Unmatched cancel notification for request id 30
set 15, 2022 3:12:30 AM org.eclipse.lsp4j.jsonrpc.RemoteEndpoint handleCancellation
WARNING: Unmatched cancel notification for request id 49
set 15, 2022 3:12:58 AM org.eclipse.lsp4j.jsonrpc.RemoteEndpoint handleCancellation
WARNING: Unmatched cancel notification for request id 65
2022.09.15 03:13:07 INFO  compiling hello-world (1 scala source)
2022.09.15 03:13:09 INFO  time: compiled hello-world in 1.86s
set 15, 2022 3:13:27 AM org.eclipse.lsp4j.jsonrpc.RemoteEndpoint fallbackResponseError
SEVERE: Internal error: java.lang.ArrayIndexOutOfBoundsException: 69
java.util.concurrent.CompletionException: java.lang.ArrayIndexOutOfBoundsException: 69
	at java.util.concurrent.CompletableFuture.encodeThrowable(CompletableFuture.java:292)
	at java.util.concurrent.CompletableFuture.completeThrowable(CompletableFuture.java:308)
	at java.util.concurrent.CompletableFuture.uniAccept(CompletableFuture.java:661)
	at java.util.concurrent.CompletableFuture$UniAccept.tryFire(CompletableFuture.java:646)
	at java.util.concurrent.CompletableFuture.postComplete(CompletableFuture.java:488)
	at java.util.concurrent.CompletableFuture.completeExceptionally(CompletableFuture.java:1990)
	at scala.meta.internal.metals.CancelTokens$.$anonfun$future$1(CancelTokens.scala:40)
	at scala.meta.internal.metals.CancelTokens$.$anonfun$future$1$adapted(CancelTokens.scala:38)
	at scala.concurrent.impl.Promise$Transformation.run(Promise.scala:484)
	at java.util.concurrent.ThreadPoolExecutor.runWorker(ThreadPoolExecutor.java:1149)
	at java.util.concurrent.ThreadPoolExecutor$Worker.run(ThreadPoolExecutor.java:624)
	at java.lang.Thread.run(Thread.java:748)
Caused by: java.lang.ArrayIndexOutOfBoundsException: 69
	at scala.meta.internal.parsing.FoldingRangeExtractor$Foldable$.isScala3BlockWithoutOptionalBraces(FoldingRangeExtractor.scala:248)
	at scala.meta.internal.parsing.FoldingRangeExtractor$Foldable$.unapply(FoldingRangeExtractor.scala:199)
	at scala.meta.internal.parsing.FoldingRangeExtractor.extractFrom(FoldingRangeExtractor.scala:36)
	at scala.meta.internal.parsing.FoldingRangeExtractor.$anonfun$extractFrom$2(FoldingRangeExtractor.scala:56)
	at scala.meta.internal.parsing.FoldingRangeExtractor.$anonfun$extractFrom$2$adapted(FoldingRangeExtractor.scala:51)
	at scala.collection.immutable.List.foreach(List.scala:333)
	at scala.meta.internal.parsing.FoldingRangeExtractor.extractFrom(FoldingRangeExtractor.scala:51)
	at scala.meta.internal.parsing.FoldingRangeExtractor.$anonfun$extractFrom$2(FoldingRangeExtractor.scala:56)
	at scala.meta.internal.parsing.FoldingRangeExtractor.$anonfun$extractFrom$2$adapted(FoldingRangeExtractor.scala:51)
	at scala.collection.immutable.List.foreach(List.scala:333)
	at scala.meta.internal.parsing.FoldingRangeExtractor.extractFrom(FoldingRangeExtractor.scala:51)
	at scala.meta.internal.parsing.FoldingRangeExtractor.extract(FoldingRangeExtractor.scala:29)
	at scala.meta.internal.parsing.FoldingRangeProvider.$anonfun$getRangedForScala$3(FoldingRangeProvider.scala:40)
	at scala.Option.map(Option.scala:242)
	at scala.meta.internal.parsing.FoldingRangeProvider.$anonfun$getRangedForScala$2(FoldingRangeProvider.scala:33)
	at scala.Option$WithFilter.flatMap(Option.scala:283)
	at scala.meta.internal.parsing.FoldingRangeProvider.getRangedForScala(FoldingRangeProvider.scala:31)
	at scala.meta.internal.metals.MetalsLanguageServer.$anonfun$foldingRange$2(MetalsLanguageServer.scala:1705)
	at scala.concurrent.impl.Promise$Transformation.run(Promise.scala:467)
	... 3 more

