2022.09.15 03:35:46 INFO  tracing is disabled for protocol LSP, to enable tracing of incoming and outgoing JSON messages create an empty file at /home/lucas/Desktop/Scala/.metals/lsp.trace.json or /home/lucas/.cache/metals/lsp.trace.json
2022.09.15 03:35:46 INFO  logging to file /home/lucas/Desktop/Scala/.metals/metals.log
2022.09.15 03:35:46 INFO  Started: Metals version 0.11.8 in workspace '/home/lucas/Desktop/Scala' for client Visual Studio Code 1.71.1.
2022.09.15 03:35:48 WARN  Flyway upgrade recommended: H2 2.1.214 is newer than this version of Flyway and support has not been tested. The latest supported version of H2 is 2.1.210.
2022.09.15 03:35:48 INFO  time: initialize in 1.98s
2022.09.15 03:35:49 WARN  Build server is not auto-connectable.
2022.09.15 03:35:49 WARN  no build tool detected in workspace '/home/lucas/Desktop/Scala'. The most common cause for this problem is that the editor was opened in the wrong working directory, for example if you use sbt then the workspace directory should contain build.sbt. 
2022.09.15 03:35:57 WARN  no build target for: /home/lucas/Desktop/Scala/work/new.scala
set 15, 2022 3:35:59 AM org.eclipse.lsp4j.jsonrpc.RemoteEndpoint handleNotification
WARNING: Notification threw an exception: {
  "jsonrpc": "2.0",
  "method": "metals/didFocusTextDocument",
  "params": [
    "untitled:Untitled-1"
  ]
}
java.lang.RuntimeException: java.lang.reflect.InvocationTargetException
	at org.eclipse.lsp4j.jsonrpc.services.GenericEndpoint.lambda$null$0(GenericEndpoint.java:67)
	at org.eclipse.lsp4j.jsonrpc.services.GenericEndpoint.notify(GenericEndpoint.java:152)
	at org.eclipse.lsp4j.jsonrpc.RemoteEndpoint.handleNotification(RemoteEndpoint.java:220)
	at org.eclipse.lsp4j.jsonrpc.RemoteEndpoint.consume(RemoteEndpoint.java:187)
	at org.eclipse.lsp4j.jsonrpc.json.StreamMessageProducer.handleMessage(StreamMessageProducer.java:194)
	at org.eclipse.lsp4j.jsonrpc.json.StreamMessageProducer.listen(StreamMessageProducer.java:94)
	at org.eclipse.lsp4j.jsonrpc.json.ConcurrentMessageProcessor.run(ConcurrentMessageProcessor.java:113)
	at java.util.concurrent.Executors$RunnableAdapter.call(Executors.java:511)
	at java.util.concurrent.FutureTask.run(FutureTask.java:266)
	at java.util.concurrent.ThreadPoolExecutor.runWorker(ThreadPoolExecutor.java:1149)
	at java.util.concurrent.ThreadPoolExecutor$Worker.run(ThreadPoolExecutor.java:624)
	at java.lang.Thread.run(Thread.java:748)
Caused by: java.lang.reflect.InvocationTargetException
	at sun.reflect.NativeMethodAccessorImpl.invoke0(Native Method)
	at sun.reflect.NativeMethodAccessorImpl.invoke(NativeMethodAccessorImpl.java:62)
	at sun.reflect.DelegatingMethodAccessorImpl.invoke(DelegatingMethodAccessorImpl.java:43)
	at java.lang.reflect.Method.invoke(Method.java:498)
	at org.eclipse.lsp4j.jsonrpc.services.GenericEndpoint.lambda$null$0(GenericEndpoint.java:65)
	... 11 more
Caused by: java.nio.file.FileSystemNotFoundException: Provider "untitled" not installed
	at java.nio.file.Paths.get(Paths.java:147)
	at scala.meta.internal.mtags.MtagsEnrichments$XtensionURIMtags.toAbsolutePath(MtagsEnrichments.scala:115)
	at scala.meta.internal.mtags.MtagsEnrichments$XtensionStringMtags.toAbsolutePath(MtagsEnrichments.scala:141)
	at scala.meta.internal.metals.MetalsEnrichments$XtensionString.toAbsolutePath(MetalsEnrichments.scala:623)
	at scala.meta.internal.metals.MetalsEnrichments$XtensionString.toAbsolutePath(MetalsEnrichments.scala:620)
	at scala.meta.internal.metals.MetalsLanguageServer.didFocus(MetalsLanguageServer.scala:1153)
	... 16 more

2022.09.15 03:36:00 INFO  no build target found for /home/lucas/Desktop/Scala/work/new.scala. Using presentation compiler with project's scala-library version: 3.1.3
2022.09.15 03:36:02 INFO  time: code lens generation in 5.18s
2022.09.15 03:36:02 INFO  time: code lens generation in 1.38s
2022.09.15 03:45:33 INFO  shutting down Metals
2022.10.16 17:57:22 INFO  tracing is disabled for protocol LSP, to enable tracing of incoming and outgoing JSON messages create an empty file at /home/lucas/Desktop/Scala/.metals/lsp.trace.json or /home/lucas/.cache/metals/lsp.trace.json
2022.10.16 17:57:22 INFO  logging to file /home/lucas/Desktop/Scala/.metals/metals.log
2022.10.16 17:57:22 INFO  Started: Metals version 0.11.9 in workspace '/home/lucas/Desktop/Scala' for client Visual Studio Code 1.72.2.
2022.10.16 17:57:24 INFO  time: initialize in 1.85s
2022.10.16 17:57:25 WARN  Build server is not auto-connectable.
2022.10.16 17:57:25 WARN  no build tool detected in workspace '/home/lucas/Desktop/Scala'. The most common cause for this problem is that the editor was opened in the wrong working directory, for example if you use sbt then the workspace directory should contain build.sbt. 
2022.10.16 17:57:25 WARN  no build target for: /home/lucas/Desktop/Scala/hello-world/build.sbt
2022.10.16 17:57:31 INFO  no build target found for /home/lucas/Desktop/Scala/hello-world/build.sbt. Using presentation compiler with project's scala-library version: 3.2.0
2022.10.16 17:57:33 INFO  time: code lens generation in 8.18s
2022.10.16 17:59:13 WARN  no build target for: /home/lucas/Desktop/Scala/basic.scala
2022.10.16 18:19:33 WARN  no build target for: /home/lucas/Desktop/Scala/basic.scala
2022.10.16 18:19:38 INFO  shutting down Metals
2022.10.17 13:13:27 INFO  tracing is disabled for protocol LSP, to enable tracing of incoming and outgoing JSON messages create an empty file at /home/lucas/Desktop/Scala/.metals/lsp.trace.json or /home/lucas/.cache/metals/lsp.trace.json
2022.10.17 13:13:28 INFO  logging to file /home/lucas/Desktop/Scala/.metals/metals.log
2022.10.17 13:13:28 INFO  Started: Metals version 0.11.9 in workspace '/home/lucas/Desktop/Scala' for client Visual Studio Code 1.72.2.
2022.10.17 13:13:30 INFO  time: initialize in 1.92s
2022.10.17 13:13:31 WARN  Build server is not auto-connectable.
2022.10.17 13:13:31 WARN  no build tool detected in workspace '/home/lucas/Desktop/Scala'. The most common cause for this problem is that the editor was opened in the wrong working directory, for example if you use sbt then the workspace directory should contain build.sbt. 
2022.10.17 13:14:30 INFO  shutting down Metals
2022.12.15 08:48:07 INFO  tracing is disabled for protocol LSP, to enable tracing of incoming and outgoing JSON messages create an empty file at /home/lucas/Desktop/Scala/.metals/lsp.trace.json or /home/lucas/.cache/metals/lsp.trace.json
2022.12.15 08:48:08 INFO  logging to file /home/lucas/Desktop/Scala/.metals/metals.log
2022.12.15 08:48:08 INFO  Started: Metals version 0.11.9 in workspace '/home/lucas/Desktop/Scala' for client Visual Studio Code 1.74.0.
2022.12.15 08:48:10 INFO  time: initialize in 1.9s
2022.12.15 08:48:10 WARN  Build server is not auto-connectable.
2022.12.15 08:48:10 WARN  no build tool detected in workspace '/home/lucas/Desktop/Scala'. The most common cause for this problem is that the editor was opened in the wrong working directory, for example if you use sbt then the workspace directory should contain build.sbt. 
2022.12.15 08:48:10 WARN  no build target for: /home/lucas/Desktop/Scala/basic.scala
2022.12.15 08:48:14 INFO  no build target found for /home/lucas/Desktop/Scala/basic.scala. Using presentation compiler with project's scala-library version: 3.2.0
dez 15, 2022 8:48:15 AM org.eclipse.lsp4j.jsonrpc.RemoteEndpoint handleCancellation
WARNING: Unmatched cancel notification for request id 2
2022.12.15 08:48:16 INFO  time: code lens generation in 1.46s
2022.12.15 08:48:36 WARN  no build target for: /home/lucas/Desktop/Scala/basic.scala
dez 15, 2022 8:48:39 AM org.eclipse.lsp4j.jsonrpc.RemoteEndpoint handleCancellation
WARNING: Unmatched cancel notification for request id 29
2022.12.15 08:49:27 WARN  no build target for: /home/lucas/Desktop/Scala/basic.scala
2022.12.15 08:49:47 WARN  no build target for: /home/lucas/Desktop/Scala/echoargs.scala
2022.12.15 08:49:49 WARN  no build target for: /home/lucas/Desktop/Scala/helloarg.scala
2022.12.15 08:49:52 WARN  no build target for: /home/lucas/Desktop/Scala/newProgram.scala
2022.12.15 08:49:54 WARN  no build target for: /home/lucas/Desktop/Scala/printargs.scala
